<?xml version="1.0" encoding="UTF-8"?>
<!-- Generated by org.testng.reporters.JUnitXMLReporter -->
<testsuite hostname="Samrat" ignored="0" name="Default test" tests="11" failures="0" timestamp="12 Feb 2022 15:42:42 GMT" time="5.645" errors="0">
  <testcase name="verify_LoginPage_CorrectCredential" time="1.52" classname="com.tests.LoginPageTest"/>
  <testcase name="verify_LoginPage_Invalid_EmailError" time="0.325" classname="com.tests.LoginPageTest"/>
  <testcase name="verify_LoginPage_JBKLogo" time="0.067" classname="com.tests.LoginPageTest"/>
  <testcase name="verify_LoginPage_JBKName" time="0.035" classname="com.tests.LoginPageTest"/>
  <testcase name="verify_LoginPage_NoData_Error" time="0.342" classname="com.tests.LoginPageTest"/>
  <testcase name="verify_LoginPage_RegisterMembershipClickable" time="0.207" classname="com.tests.LoginPageTest"/>
  <testcase name="verify_LoginPage_RegisterMembershipText" time="0.038" classname="com.tests.LoginPageTest"/>
  <testcase name="verify_LoginPage_Scenario" time="0.001" classname="com.tests.LoginPageTest">
    <skipped/>
  </testcase> <!-- verify_LoginPage_Scenario -->
  <testcase name="verify_LoginPage_StartSessionText" time="0.027" classname="com.tests.LoginPageTest"/>
  <testcase name="verify_LoginPage_Title" time="0.007" classname="com.tests.LoginPageTest"/>
  <testcase name="verify_LoginPage_WrongEmail_WrongPassword" time="0.393" classname="com.tests.LoginPageTest"/>
</testsuite> <!-- Default test -->
