<?xml version="1.0" encoding="UTF-8"?>
<!-- Generated by org.testng.reporters.JUnitXMLReporter -->
<testsuite hostname="Samrat" ignored="0" name="loginpage" tests="20" failures="0" timestamp="12 Feb 2022 15:41:54 GMT" time="11.609" errors="0">
  <testcase name="verify_LoginPage_CorrectCredential" time="1.642" classname="com.tests.LoginPageTest"/>
  <testcase name="verify_LoginPage_Invalid_EmailError" time="0.335" classname="com.tests.LoginPageTest"/>
  <testcase name="verify_LoginPage_JBKLogo" time="0.076" classname="com.tests.LoginPageTest"/>
  <testcase name="verify_LoginPage_JBKName" time="0.042" classname="com.tests.LoginPageTest"/>
  <testcase name="verify_LoginPage_NoData_Error" time="0.34" classname="com.tests.LoginPageTest"/>
  <testcase name="verify_LoginPage_RegisterMembershipClickable" time="0.236" classname="com.tests.LoginPageTest"/>
  <testcase name="verify_LoginPage_RegisterMembershipText" time="0.102" classname="com.tests.LoginPageTest"/>
  <testcase name="verify_LoginPage_Scenario" time="0.005" classname="com.tests.LoginPageTest">
    <skipped/>
  </testcase> <!-- verify_LoginPage_Scenario -->
  <testcase name="verify_LoginPage_StartSessionText" time="0.052" classname="com.tests.LoginPageTest"/>
  <testcase name="verify_LoginPage_Title" time="0.007" classname="com.tests.LoginPageTest"/>
  <testcase name="verify_LoginPage_WrongEmail_WrongPassword" time="0.416" classname="com.tests.LoginPageTest"/>
  <testcase name="verify_RegPage_AlreadyMembership_Clickable" time="0.172" classname="com.tests.RegistrationPageTest"/>
  <testcase name="verify_RegPage_AlreadyMembership_Text" time="0.032" classname="com.tests.RegistrationPageTest"/>
  <testcase name="verify_RegPage_Form_AllError" time="0.144" classname="com.tests.RegistrationPageTest"/>
  <testcase name="verify_RegPage_JBKText" time="0.02" classname="com.tests.RegistrationPageTest"/>
  <testcase name="verify_RegPage_PopUp_Text" time="0.501" classname="com.tests.RegistrationPageTest"/>
  <testcase name="verify_RegPage_RegisterMembershipText" time="0.032" classname="com.tests.RegistrationPageTest"/>
  <testcase name="verify_RegPage_Scenario" time="0.002" classname="com.tests.RegistrationPageTest">
    <skipped/>
  </testcase> <!-- verify_RegPage_Scenario -->
  <testcase name="verify_RegPage_Successful_PopUp_Handled" time="0.46" classname="com.tests.RegistrationPageTest"/>
  <testcase name="verify_RegPage_Title" time="0.007" classname="com.tests.RegistrationPageTest"/>
</testsuite> <!-- loginpage -->
