<?xml version="1.0" encoding="UTF-8"?>
<!-- Generated by org.testng.reporters.JUnitXMLReporter -->
<testsuite hostname="Samrat" ignored="0" name="registrationpage" tests="9" failures="0" timestamp="11 Feb 2022 18:56:16 GMT" time="1.859" errors="0">
  <testcase name="verify_RegPage_AlreadyMembership_Clickable" time="0.174" classname="com.tests.RegistrationPageTest"/>
  <testcase name="verify_RegPage_AlreadyMembership_Text" time="0.102" classname="com.tests.RegistrationPageTest"/>
  <testcase name="verify_RegPage_Form_AllError" time="0.247" classname="com.tests.RegistrationPageTest"/>
  <testcase name="verify_RegPage_JBKText" time="0.089" classname="com.tests.RegistrationPageTest"/>
  <testcase name="verify_RegPage_PopUp_Text" time="0.508" classname="com.tests.RegistrationPageTest"/>
  <testcase name="verify_RegPage_RegisterMembershipText" time="0.112" classname="com.tests.RegistrationPageTest"/>
  <testcase name="verify_RegPage_Scenario" time="0.001" classname="com.tests.RegistrationPageTest">
    <skipped/>
  </testcase> <!-- verify_RegPage_Scenario -->
  <testcase name="verify_RegPage_Successful_PopUp_Handled" time="0.543" classname="com.tests.RegistrationPageTest"/>
  <testcase name="verify_RegPage_Title" time="0.063" classname="com.tests.RegistrationPageTest"/>
</testsuite> <!-- registrationpage -->
