<?xml version="1.0" encoding="UTF-8"?>
<!-- Generated by org.testng.reporters.JUnitXMLReporter -->
<testsuite hostname="Samrat" ignored="0" name="Test" tests="20" failures="0" timestamp="16 Feb 2022 18:29:15 GMT" time="27.918" errors="0">
  <testcase name="verify_LoginPage_CorrectCredential" time="13.968" classname="com.tests.LoginPageTest"/>
  <testcase name="verify_LoginPage_Invalid_EmailError" time="0.366" classname="com.tests.LoginPageTest"/>
  <testcase name="verify_LoginPage_JBKLogo" time="0.081" classname="com.tests.LoginPageTest"/>
  <testcase name="verify_LoginPage_JBKName" time="0.035" classname="com.tests.LoginPageTest"/>
  <testcase name="verify_LoginPage_NoData_Error" time="0.296" classname="com.tests.LoginPageTest"/>
  <testcase name="verify_LoginPage_RegisterMembershipClickable" time="0.225" classname="com.tests.LoginPageTest"/>
  <testcase name="verify_LoginPage_RegisterMembershipText" time="0.046" classname="com.tests.LoginPageTest"/>
  <testcase name="verify_LoginPage_Scenario" time="0.003" classname="com.tests.LoginPageTest">
    <skipped/>
  </testcase> <!-- verify_LoginPage_Scenario -->
  <testcase name="verify_LoginPage_StartSessionText" time="0.043" classname="com.tests.LoginPageTest"/>
  <testcase name="verify_LoginPage_Title" time="0.013" classname="com.tests.LoginPageTest"/>
  <testcase name="verify_LoginPage_WrongEmail_WrongPassword" time="0.397" classname="com.tests.LoginPageTest"/>
  <testcase name="verify_RegPage_AlreadyMembership_Clickable" time="0.242" classname="com.tests.RegistrationPageTest"/>
  <testcase name="verify_RegPage_AlreadyMembership_Text" time="0.044" classname="com.tests.RegistrationPageTest"/>
  <testcase name="verify_RegPage_Form_AllError" time="0.161" classname="com.tests.RegistrationPageTest"/>
  <testcase name="verify_RegPage_JBKText" time="0.028" classname="com.tests.RegistrationPageTest"/>
  <testcase name="verify_RegPage_PopUp_Text" time="0.47" classname="com.tests.RegistrationPageTest"/>
  <testcase name="verify_RegPage_RegisterMembershipText" time="0.029" classname="com.tests.RegistrationPageTest"/>
  <testcase name="verify_RegPage_Scenario" time="0.0" classname="com.tests.RegistrationPageTest">
    <skipped/>
  </testcase> <!-- verify_RegPage_Scenario -->
  <testcase name="verify_RegPage_Successful_PopUp_Handled" time="0.436" classname="com.tests.RegistrationPageTest"/>
  <testcase name="verify_RegPage_Title" time="0.004" classname="com.tests.RegistrationPageTest"/>
</testsuite> <!-- Test -->
