<?xml version="1.0" encoding="UTF-8"?>
<testng-results skipped="1" failed="0" ignored="0" total="11" passed="10">
  <reporter-output>
  </reporter-output>
  <suite name="Default suite" duration-ms="5645" started-at="2022-02-12T15:42:37Z" finished-at="2022-02-12T15:42:42Z">
    <groups>
    </groups>
    <test name="Default test" duration-ms="5645" started-at="2022-02-12T15:42:37Z" finished-at="2022-02-12T15:42:42Z">
      <class name="com.tests.LoginPageTest">
        <test-method status="PASS" signature="SetUp()[pri:0, instance:com.tests.LoginPageTest@79efed2d]" name="SetUp" is-config="true" duration-ms="129" started-at="2022-02-12T15:42:36Z" finished-at="2022-02-12T15:42:37Z">
          <reporter-output>
          </reporter-output>
        </test-method> <!-- SetUp -->
        <test-method status="PASS" signature="BeforeClassLoginPage()[pri:0, instance:com.tests.LoginPageTest@79efed2d]" name="BeforeClassLoginPage" is-config="true" duration-ms="2551" started-at="2022-02-12T15:42:37Z" finished-at="2022-02-12T15:42:39Z">
          <reporter-output>
          </reporter-output>
        </test-method> <!-- BeforeClassLoginPage -->
        <test-method status="PASS" signature="verify_LoginPage_CorrectCredential()[pri:0, instance:com.tests.LoginPageTest@79efed2d]" name="verify_LoginPage_CorrectCredential" duration-ms="1520" started-at="2022-02-12T15:42:39Z" finished-at="2022-02-12T15:42:41Z">
          <reporter-output>
          </reporter-output>
        </test-method> <!-- verify_LoginPage_CorrectCredential -->
        <test-method status="PASS" signature="verify_LoginPage_Invalid_EmailError()[pri:0, instance:com.tests.LoginPageTest@79efed2d]" name="verify_LoginPage_Invalid_EmailError" duration-ms="325" started-at="2022-02-12T15:42:41Z" finished-at="2022-02-12T15:42:41Z">
          <reporter-output>
          </reporter-output>
        </test-method> <!-- verify_LoginPage_Invalid_EmailError -->
        <test-method status="PASS" signature="verify_LoginPage_JBKLogo()[pri:0, instance:com.tests.LoginPageTest@79efed2d]" name="verify_LoginPage_JBKLogo" duration-ms="67" started-at="2022-02-12T15:42:41Z" finished-at="2022-02-12T15:42:41Z">
          <reporter-output>
          </reporter-output>
        </test-method> <!-- verify_LoginPage_JBKLogo -->
        <test-method status="PASS" signature="verify_LoginPage_JBKName()[pri:0, instance:com.tests.LoginPageTest@79efed2d]" name="verify_LoginPage_JBKName" duration-ms="35" started-at="2022-02-12T15:42:41Z" finished-at="2022-02-12T15:42:41Z">
          <reporter-output>
          </reporter-output>
        </test-method> <!-- verify_LoginPage_JBKName -->
        <test-method status="PASS" signature="verify_LoginPage_NoData_Error()[pri:0, instance:com.tests.LoginPageTest@79efed2d]" name="verify_LoginPage_NoData_Error" duration-ms="342" started-at="2022-02-12T15:42:41Z" finished-at="2022-02-12T15:42:41Z">
          <reporter-output>
          </reporter-output>
        </test-method> <!-- verify_LoginPage_NoData_Error -->
        <test-method status="PASS" signature="verify_LoginPage_RegisterMembershipClickable()[pri:0, instance:com.tests.LoginPageTest@79efed2d]" name="verify_LoginPage_RegisterMembershipClickable" duration-ms="207" started-at="2022-02-12T15:42:41Z" finished-at="2022-02-12T15:42:42Z">
          <reporter-output>
          </reporter-output>
        </test-method> <!-- verify_LoginPage_RegisterMembershipClickable -->
        <test-method status="PASS" signature="verify_LoginPage_RegisterMembershipText()[pri:0, instance:com.tests.LoginPageTest@79efed2d]" name="verify_LoginPage_RegisterMembershipText" duration-ms="38" started-at="2022-02-12T15:42:42Z" finished-at="2022-02-12T15:42:42Z">
          <reporter-output>
          </reporter-output>
        </test-method> <!-- verify_LoginPage_RegisterMembershipText -->
        <test-method status="SKIP" signature="verify_LoginPage_Scenario()[pri:0, instance:com.tests.LoginPageTest@79efed2d]" name="verify_LoginPage_Scenario" duration-ms="1" started-at="2022-02-12T15:42:42Z" finished-at="2022-02-12T15:42:42Z">
          <exception class="org.testng.SkipException">
            <message>
              <![CDATA[LoginPage Scenario depends on DashboardPage]]>
            </message>
            <full-stacktrace>
              <![CDATA[org.testng.SkipException: LoginPage Scenario depends on DashboardPage
at com.tests.LoginPageTest.verify_LoginPage_Scenario(LoginPageTest.java:139)
at sun.reflect.NativeMethodAccessorImpl.invoke0(Native Method)
at sun.reflect.NativeMethodAccessorImpl.invoke(NativeMethodAccessorImpl.java:62)
at sun.reflect.DelegatingMethodAccessorImpl.invoke(DelegatingMethodAccessorImpl.java:43)
at java.lang.reflect.Method.invoke(Method.java:498)
at org.testng.internal.MethodInvocationHelper.invokeMethod(MethodInvocationHelper.java:124)
at org.testng.internal.Invoker.invokeMethod(Invoker.java:583)
at org.testng.internal.Invoker.invokeTestMethod(Invoker.java:719)
at org.testng.internal.Invoker.invokeTestMethods(Invoker.java:989)
at org.testng.internal.TestMethodWorker.invokeTestMethods(TestMethodWorker.java:125)
at org.testng.internal.TestMethodWorker.run(TestMethodWorker.java:109)
at org.testng.TestRunner.privateRun(TestRunner.java:648)
at org.testng.TestRunner.run(TestRunner.java:505)
at org.testng.SuiteRunner.runTest(SuiteRunner.java:455)
at org.testng.SuiteRunner.runSequentially(SuiteRunner.java:450)
at org.testng.SuiteRunner.privateRun(SuiteRunner.java:415)
at org.testng.SuiteRunner.run(SuiteRunner.java:364)
at org.testng.SuiteRunnerWorker.runSuite(SuiteRunnerWorker.java:52)
at org.testng.SuiteRunnerWorker.run(SuiteRunnerWorker.java:84)
at org.testng.TestNG.runSuitesSequentially(TestNG.java:1208)
at org.testng.TestNG.runSuitesLocally(TestNG.java:1137)
at org.testng.TestNG.runSuites(TestNG.java:1049)
at org.testng.TestNG.run(TestNG.java:1017)
at org.testng.remote.AbstractRemoteTestNG.run(AbstractRemoteTestNG.java:115)
at org.testng.remote.RemoteTestNG.initAndRun(RemoteTestNG.java:251)
at org.testng.remote.RemoteTestNG.main(RemoteTestNG.java:77)
]]>
            </full-stacktrace>
          </exception> <!-- org.testng.SkipException -->
          <reporter-output>
          </reporter-output>
        </test-method> <!-- verify_LoginPage_Scenario -->
        <test-method status="PASS" signature="verify_LoginPage_StartSessionText()[pri:0, instance:com.tests.LoginPageTest@79efed2d]" name="verify_LoginPage_StartSessionText" duration-ms="27" started-at="2022-02-12T15:42:42Z" finished-at="2022-02-12T15:42:42Z">
          <reporter-output>
          </reporter-output>
        </test-method> <!-- verify_LoginPage_StartSessionText -->
        <test-method status="PASS" signature="verify_LoginPage_Title()[pri:0, instance:com.tests.LoginPageTest@79efed2d]" name="verify_LoginPage_Title" duration-ms="7" started-at="2022-02-12T15:42:42Z" finished-at="2022-02-12T15:42:42Z">
          <reporter-output>
          </reporter-output>
        </test-method> <!-- verify_LoginPage_Title -->
        <test-method status="PASS" signature="verify_LoginPage_WrongEmail_WrongPassword()[pri:0, instance:com.tests.LoginPageTest@79efed2d]" name="verify_LoginPage_WrongEmail_WrongPassword" duration-ms="393" started-at="2022-02-12T15:42:42Z" finished-at="2022-02-12T15:42:42Z">
          <reporter-output>
          </reporter-output>
        </test-method> <!-- verify_LoginPage_WrongEmail_WrongPassword -->
        <test-method status="PASS" signature="AfetrClass_LoginPage()[pri:0, instance:com.tests.LoginPageTest@79efed2d]" name="AfetrClass_LoginPage" is-config="true" duration-ms="92" started-at="2022-02-12T15:42:42Z" finished-at="2022-02-12T15:42:42Z">
          <reporter-output>
          </reporter-output>
        </test-method> <!-- AfetrClass_LoginPage -->
        <test-method status="PASS" signature="tearDown()[pri:0, instance:com.tests.LoginPageTest@79efed2d]" name="tearDown" is-config="true" duration-ms="271" started-at="2022-02-12T15:42:42Z" finished-at="2022-02-12T15:42:42Z">
          <reporter-output>
          </reporter-output>
        </test-method> <!-- tearDown -->
      </class> <!-- com.tests.LoginPageTest -->
    </test> <!-- Default test -->
  </suite> <!-- Default suite -->
</testng-results>
